<?xml version="1.0" encoding="UTF-8"?>
<!-- Generated by org.testng.reporters.JUnitReportReporter -->
<testsuite hostname="IBM-PF3DEM6A" failures="0" tests="5" name="com.qa.testrunners.TestRunners" time="67.792" errors="0" timestamp="2022-04-26T15:55:36 CST" skipped="0">
  <testcase classname="com.qa.testrunners.TestRunners" name="runScenario" time="17.324"/>
  <system-out/>
  <testcase classname="com.qa.testrunners.TestRunners" name="runScenario" time="11.840"/>
  <system-out/>
  <testcase classname="com.qa.testrunners.TestRunners" name="runScenario" time="13.489"/>
  <system-out/>
  <testcase classname="com.qa.testrunners.TestRunners" name="runScenario" time="12.012"/>
  <system-out/>
  <testcase classname="com.qa.testrunners.TestRunners" name="runScenario" time="13.127"/>
  <system-out/>
</testsuite> <!-- com.qa.testrunners.TestRunners -->
